{"contracts\\BadgeStore.sol":{"l":{"43":3,"44":3,"45":3,"61":2,"77":6,"90":1,"91":1,"104":0,"105":0,"120":2,"121":1,"134":0,"135":0,"150":0,"151":0,"168":3,"169":2,"170":2,"171":2,"172":2,"173":2,"189":3,"190":2,"209":1,"210":1,"211":1,"212":1,"213":1,"228":2,"229":1,"230":2,"245":4,"246":4,"247":4,"248":4,"249":3,"250":3,"252":3,"253":3,"266":3,"276":2},"path":"E:\\Works\\SolidityWorks\\spn\\smartcontracts\\contracts\\BadgeStore.sol","s":{"1":3,"2":3,"3":3,"4":2,"5":6,"6":1,"7":1,"8":0,"9":0,"10":2,"11":1,"12":0,"13":0,"14":0,"15":0,"16":3,"17":2,"18":2,"19":2,"20":2,"21":2,"22":3,"23":2,"24":1,"25":1,"26":1,"27":1,"28":1,"29":2,"30":1,"31":2,"32":4,"33":4,"34":4,"35":4,"36":3,"37":3,"38":3,"39":3,"40":3,"41":2},"b":{"1":[1,0],"2":[0,0],"3":[1,1],"4":[0,0],"5":[0,0],"6":[2,1],"7":[2,1],"8":[1,0],"9":[1,0],"10":[1,0],"11":[1,1],"12":[4,0],"13":[3,1]},"f":{"1":3,"2":2,"3":6,"4":1,"5":0,"6":2,"7":0,"8":0,"9":3,"10":3,"11":1,"12":2,"13":4,"14":3,"15":2},"fnMap":{"1":{"name":"constructor","line":41,"loc":{"start":{"line":33,"column":4},"end":{"line":46,"column":4}}},"2":{"name":"badgePrice","line":58,"loc":{"start":{"line":51,"column":4},"end":{"line":62,"column":4}}},"3":{"name":"badgeAdmin","line":74,"loc":{"start":{"line":67,"column":4},"end":{"line":78,"column":4}}},"4":{"name":"setRevenueAddress","line":88,"loc":{"start":{"line":83,"column":4},"end":{"line":92,"column":4}}},"5":{"name":"setGovernance","line":102,"loc":{"start":{"line":97,"column":4},"end":{"line":106,"column":4}}},"6":{"name":"setBadgePrice","line":118,"loc":{"start":{"line":111,"column":4},"end":{"line":122,"column":4}}},"7":{"name":"setPlatformFee","line":127,"loc":{"start":{"line":127,"column":4},"end":{"line":136,"column":4}}},"8":{"name":"setBadgeAdmin","line":148,"loc":{"start":{"line":141,"column":4},"end":{"line":152,"column":4}}},"9":{"name":"createBadge","line":159,"loc":{"start":{"line":159,"column":4},"end":{"line":174,"column":4}}},"10":{"name":"purchaseBadge","line":187,"loc":{"start":{"line":179,"column":4},"end":{"line":191,"column":4}}},"11":{"name":"grantBadge","line":207,"loc":{"start":{"line":198,"column":4},"end":{"line":214,"column":4}}},"12":{"name":"purchaseBadgeBatch","line":226,"loc":{"start":{"line":219,"column":4},"end":{"line":232,"column":4}}},"13":{"name":"_purchaseBadge","line":237,"loc":{"start":{"line":237,"column":4},"end":{"line":254,"column":4}}},"14":{"name":"_setBadgePrice","line":259,"loc":{"start":{"line":259,"column":4},"end":{"line":267,"column":4}}},"15":{"name":"_setBadgeAdmin","line":269,"loc":{"start":{"line":269,"column":4},"end":{"line":277,"column":4}}}},"statementMap":{"1":{"start":{"line":43,"column":8},"end":{"line":43,"column":17}},"2":{"start":{"line":44,"column":8},"end":{"line":44,"column":39}},"3":{"start":{"line":45,"column":8},"end":{"line":45,"column":31}},"4":{"start":{"line":61,"column":8},"end":{"line":61,"column":41}},"5":{"start":{"line":77,"column":8},"end":{"line":77,"column":41}},"6":{"start":{"line":90,"column":8},"end":{"line":90,"column":94}},"7":{"start":{"line":91,"column":8},"end":{"line":91,"column":39}},"8":{"start":{"line":104,"column":8},"end":{"line":104,"column":86}},"9":{"start":{"line":105,"column":8},"end":{"line":105,"column":31}},"10":{"start":{"line":120,"column":8},"end":{"line":120,"column":102}},"11":{"start":{"line":121,"column":8},"end":{"line":121,"column":39}},"12":{"start":{"line":134,"column":8},"end":{"line":134,"column":92}},"13":{"start":{"line":135,"column":8},"end":{"line":135,"column":33}},"14":{"start":{"line":150,"column":8},"end":{"line":150,"column":91}},"15":{"start":{"line":151,"column":8},"end":{"line":151,"column":44}},"16":{"start":{"line":168,"column":8},"end":{"line":168,"column":89}},"17":{"start":{"line":169,"column":8},"end":{"line":169,"column":53}},"18":{"start":{"line":170,"column":8},"end":{"line":170,"column":46}},"19":{"start":{"line":171,"column":8},"end":{"line":171,"column":38}},"20":{"start":{"line":172,"column":8},"end":{"line":172,"column":43}},"21":{"start":{"line":173,"column":8},"end":{"line":173,"column":22}},"22":{"start":{"line":189,"column":8},"end":{"line":189,"column":71}},"23":{"start":{"line":190,"column":8},"end":{"line":190,"column":53}},"24":{"start":{"line":209,"column":8},"end":{"line":209,"column":99}},"25":{"start":{"line":210,"column":8},"end":{"line":210,"column":75}},"26":{"start":{"line":211,"column":8},"end":{"line":211,"column":68}},"27":{"start":{"line":212,"column":8},"end":{"line":212,"column":40}},"28":{"start":{"line":213,"column":8},"end":{"line":213,"column":47}},"29":{"start":{"line":228,"column":8},"end":{"line":228,"column":108}},"30":{"start":{"line":229,"column":8},"end":{"line":229,"column":5942}},"31":{"start":{"line":230,"column":12},"end":{"line":230,"column":65}},"32":{"start":{"line":245,"column":8},"end":{"line":245,"column":6294}},"33":{"start":{"line":246,"column":12},"end":{"line":246,"column":68}},"34":{"start":{"line":247,"column":12},"end":{"line":247,"column":73}},"35":{"start":{"line":248,"column":12},"end":{"line":248,"column":105}},"36":{"start":{"line":249,"column":12},"end":{"line":249,"column":64}},"37":{"start":{"line":250,"column":12},"end":{"line":250,"column":82}},"38":{"start":{"line":252,"column":8},"end":{"line":252,"column":45}},"39":{"start":{"line":253,"column":8},"end":{"line":253,"column":55}},"40":{"start":{"line":266,"column":8},"end":{"line":266,"column":42}},"41":{"start":{"line":276,"column":8},"end":{"line":276,"column":47}}},"branchMap":{"1":{"line":90,"type":"if","locations":[{"start":{"line":90,"column":8},"end":{"line":90,"column":8}},{"start":{"line":90,"column":8},"end":{"line":90,"column":8}}]},"2":{"line":104,"type":"if","locations":[{"start":{"line":104,"column":8},"end":{"line":104,"column":8}},{"start":{"line":104,"column":8},"end":{"line":104,"column":8}}]},"3":{"line":120,"type":"if","locations":[{"start":{"line":120,"column":8},"end":{"line":120,"column":8}},{"start":{"line":120,"column":8},"end":{"line":120,"column":8}}]},"4":{"line":134,"type":"if","locations":[{"start":{"line":134,"column":8},"end":{"line":134,"column":8}},{"start":{"line":134,"column":8},"end":{"line":134,"column":8}}]},"5":{"line":150,"type":"if","locations":[{"start":{"line":150,"column":8},"end":{"line":150,"column":8}},{"start":{"line":150,"column":8},"end":{"line":150,"column":8}}]},"6":{"line":168,"type":"if","locations":[{"start":{"line":168,"column":8},"end":{"line":168,"column":8}},{"start":{"line":168,"column":8},"end":{"line":168,"column":8}}]},"7":{"line":189,"type":"if","locations":[{"start":{"line":189,"column":8},"end":{"line":189,"column":8}},{"start":{"line":189,"column":8},"end":{"line":189,"column":8}}]},"8":{"line":209,"type":"if","locations":[{"start":{"line":209,"column":8},"end":{"line":209,"column":8}},{"start":{"line":209,"column":8},"end":{"line":209,"column":8}}]},"9":{"line":210,"type":"if","locations":[{"start":{"line":210,"column":8},"end":{"line":210,"column":8}},{"start":{"line":210,"column":8},"end":{"line":210,"column":8}}]},"10":{"line":211,"type":"if","locations":[{"start":{"line":211,"column":8},"end":{"line":211,"column":8}},{"start":{"line":211,"column":8},"end":{"line":211,"column":8}}]},"11":{"line":228,"type":"if","locations":[{"start":{"line":228,"column":8},"end":{"line":228,"column":8}},{"start":{"line":228,"column":8},"end":{"line":228,"column":8}}]},"12":{"line":245,"type":"if","locations":[{"start":{"line":245,"column":8},"end":{"line":245,"column":8}},{"start":{"line":245,"column":8},"end":{"line":245,"column":8}}]},"13":{"line":248,"type":"if","locations":[{"start":{"line":248,"column":12},"end":{"line":248,"column":12}},{"start":{"line":248,"column":12},"end":{"line":248,"column":12}}]}}},"contracts\\ERC1155Tradable.sol":{"l":{"34":0,"35":0,"45":0,"46":0,"56":20,"57":20,"72":22,"87":1,"88":1,"102":0,"103":0,"104":0,"105":0,"106":0,"122":0,"127":0,"142":0,"147":0,"166":2,"167":2,"168":2,"169":2,"170":2,"172":2,"192":4,"193":4,"212":0,"213":0,"214":0,"215":0,"216":0,"231":1,"238":2},"path":"E:\\Works\\SolidityWorks\\spn\\smartcontracts\\contracts\\ERC1155Tradable.sol","s":{"1":0,"2":0,"3":20,"4":22,"5":1,"6":1,"7":0,"8":0,"9":0,"10":0,"11":0,"12":0,"13":0,"14":0,"15":0,"16":2,"17":2,"18":2,"19":2,"20":2,"21":2,"22":4,"23":4,"24":0,"25":0,"26":0,"27":0,"28":0,"29":1,"30":2},"b":{"1":[0,0],"2":[0,0],"3":[20,0],"4":[1,0],"5":[0,0],"6":[0,0],"7":[0,0],"8":[0,0],"9":[2,0]},"f":{"1":3,"2":0,"3":0,"4":20,"5":22,"6":1,"7":0,"8":0,"9":0,"10":2,"11":4,"12":0,"13":1,"14":2},"fnMap":{"1":{"name":"constructor","line":24,"loc":{"start":{"line":18,"column":4},"end":{"line":25,"column":6}}},"2":{"name":"onlyCreator","line":30,"loc":{"start":{"line":30,"column":4},"end":{"line":36,"column":4}}},"3":{"name":"tokenOwnerOnly","line":41,"loc":{"start":{"line":41,"column":4},"end":{"line":47,"column":4}}},"4":{"name":"existentTokenOnly","line":52,"loc":{"start":{"line":52,"column":4},"end":{"line":58,"column":4}}},"5":{"name":"exists","line":63,"loc":{"start":{"line":63,"column":4},"end":{"line":73,"column":4}}},"6":{"name":"setCreator","line":85,"loc":{"start":{"line":78,"column":4},"end":{"line":89,"column":4}}},"7":{"name":"setCreatorBatch","line":100,"loc":{"start":{"line":94,"column":4},"end":{"line":108,"column":4}}},"8":{"name":"burn","line":113,"loc":{"start":{"line":113,"column":4},"end":{"line":128,"column":4}}},"9":{"name":"burnBatch","line":133,"loc":{"start":{"line":133,"column":4},"end":{"line":148,"column":4}}},"10":{"name":"_create","line":157,"loc":{"start":{"line":157,"column":4},"end":{"line":173,"column":4}}},"11":{"name":"_mint","line":190,"loc":{"start":{"line":181,"column":4},"end":{"line":194,"column":4}}},"12":{"name":"_mintBatch","line":202,"loc":{"start":{"line":202,"column":4},"end":{"line":218,"column":4}}},"13":{"name":"_setCreator","line":225,"loc":{"start":{"line":225,"column":4},"end":{"line":232,"column":4}}},"14":{"name":"_newTokenId","line":234,"loc":{"start":{"line":234,"column":4},"end":{"line":239,"column":4}}}},"statementMap":{"1":{"start":{"line":34,"column":8},"end":{"line":34,"column":93}},"2":{"start":{"line":45,"column":8},"end":{"line":45,"column":104}},"3":{"start":{"line":56,"column":8},"end":{"line":56,"column":84}},"4":{"start":{"line":72,"column":8},"end":{"line":72,"column":41}},"5":{"start":{"line":87,"column":8},"end":{"line":87,"column":80}},"6":{"start":{"line":88,"column":8},"end":{"line":88,"column":28}},"7":{"start":{"line":102,"column":8},"end":{"line":102,"column":85}},"8":{"start":{"line":103,"column":8},"end":{"line":103,"column":2566}},"9":{"start":{"line":104,"column":12},"end":{"line":104,"column":32}},"10":{"start":{"line":105,"column":12},"end":{"line":105,"column":85}},"11":{"start":{"line":106,"column":12},"end":{"line":106,"column":31}},"12":{"start":{"line":122,"column":8},"end":{"line":122,"column":3016}},"13":{"start":{"line":127,"column":8},"end":{"line":127,"column":35}},"14":{"start":{"line":142,"column":8},"end":{"line":142,"column":3491}},"15":{"start":{"line":147,"column":8},"end":{"line":147,"column":42}},"16":{"start":{"line":166,"column":8},"end":{"line":166,"column":34}},"17":{"start":{"line":167,"column":8},"end":{"line":167,"column":32}},"18":{"start":{"line":168,"column":8},"end":{"line":168,"column":4330}},"19":{"start":{"line":169,"column":12},"end":{"line":169,"column":64}},"20":{"start":{"line":170,"column":12},"end":{"line":170,"column":43}},"21":{"start":{"line":172,"column":8},"end":{"line":172,"column":17}},"22":{"start":{"line":192,"column":8},"end":{"line":192,"column":46}},"23":{"start":{"line":193,"column":8},"end":{"line":193,"column":36}},"24":{"start":{"line":212,"column":8},"end":{"line":212,"column":54}},"25":{"start":{"line":213,"column":8},"end":{"line":213,"column":5611}},"26":{"start":{"line":214,"column":12},"end":{"line":214,"column":32}},"27":{"start":{"line":215,"column":12},"end":{"line":215,"column":45}},"28":{"start":{"line":216,"column":12},"end":{"line":216,"column":38}},"29":{"start":{"line":231,"column":8},"end":{"line":231,"column":25}},"30":{"start":{"line":238,"column":8},"end":{"line":238,"column":24}}},"branchMap":{"1":{"line":34,"type":"if","locations":[{"start":{"line":34,"column":8},"end":{"line":34,"column":8}},{"start":{"line":34,"column":8},"end":{"line":34,"column":8}}]},"2":{"line":45,"type":"if","locations":[{"start":{"line":45,"column":8},"end":{"line":45,"column":8}},{"start":{"line":45,"column":8},"end":{"line":45,"column":8}}]},"3":{"line":56,"type":"if","locations":[{"start":{"line":56,"column":8},"end":{"line":56,"column":8}},{"start":{"line":56,"column":8},"end":{"line":56,"column":8}}]},"4":{"line":87,"type":"if","locations":[{"start":{"line":87,"column":8},"end":{"line":87,"column":8}},{"start":{"line":87,"column":8},"end":{"line":87,"column":8}}]},"5":{"line":102,"type":"if","locations":[{"start":{"line":102,"column":8},"end":{"line":102,"column":8}},{"start":{"line":102,"column":8},"end":{"line":102,"column":8}}]},"6":{"line":105,"type":"if","locations":[{"start":{"line":105,"column":12},"end":{"line":105,"column":12}},{"start":{"line":105,"column":12},"end":{"line":105,"column":12}}]},"7":{"line":122,"type":"if","locations":[{"start":{"line":122,"column":8},"end":{"line":122,"column":8}},{"start":{"line":122,"column":8},"end":{"line":122,"column":8}}]},"8":{"line":142,"type":"if","locations":[{"start":{"line":142,"column":8},"end":{"line":142,"column":8}},{"start":{"line":142,"column":8},"end":{"line":142,"column":8}}]},"9":{"line":168,"type":"if","locations":[{"start":{"line":168,"column":8},"end":{"line":168,"column":8}},{"start":{"line":168,"column":8},"end":{"line":168,"column":8}}]}}},"contracts\\interfaces\\IBadgeStore.sol":{"l":{},"path":"E:\\Works\\SolidityWorks\\spn\\smartcontracts\\contracts\\interfaces\\IBadgeStore.sol","s":{},"b":{},"f":{},"fnMap":{},"statementMap":{},"branchMap":{}},"contracts\\interfaces\\IERC1155Tradable.sol":{"l":{},"path":"E:\\Works\\SolidityWorks\\spn\\smartcontracts\\contracts\\interfaces\\IERC1155Tradable.sol","s":{},"b":{},"f":{},"fnMap":{},"statementMap":{},"branchMap":{}},"contracts\\interfaces\\IPassport.sol":{"l":{},"path":"E:\\Works\\SolidityWorks\\spn\\smartcontracts\\contracts\\interfaces\\IPassport.sol","s":{},"b":{},"f":{},"fnMap":{},"statementMap":{},"branchMap":{}},"contracts\\interfaces\\IRoleManager.sol":{"l":{},"path":"E:\\Works\\SolidityWorks\\spn\\smartcontracts\\contracts\\interfaces\\IRoleManager.sol","s":{},"b":{},"f":{},"fnMap":{},"statementMap":{},"branchMap":{}},"contracts\\lib\\BytesLib.sol":{"l":{"20":0,"22":0,"87":0,"91":0,"236":0,"237":0,"238":0,"240":0,"242":0,"294":0,"298":0,"299":0,"300":0,"302":0,"306":0,"310":0,"311":0,"312":0,"314":0,"318":0,"322":0,"323":0,"324":0,"326":0,"330":0,"334":0,"335":0,"336":0,"338":0,"342":0,"346":0,"347":0,"348":0,"350":0,"354":0,"358":0,"359":0,"360":0,"362":0,"366":0,"370":0,"371":0,"372":0,"374":0,"378":0,"382":0,"383":0,"384":0,"386":0,"390":0,"394":0,"395":0,"396":0,"398":0,"402":0,"406":0,"408":0,"445":0,"456":0,"458":0,"517":0},"path":"E:\\Works\\SolidityWorks\\spn\\smartcontracts\\contracts\\lib\\BytesLib.sol","s":{"1":0,"2":0,"3":0,"4":0,"5":0,"6":0,"7":0,"8":0,"9":0,"10":0,"11":0,"12":0,"13":0,"14":0,"15":0,"16":0,"17":0,"18":0,"19":0,"20":0,"21":0,"22":0,"23":0,"24":0,"25":0,"26":0,"27":0,"28":0,"29":0,"30":0,"31":0,"32":0,"33":0,"34":0,"35":0,"36":0,"37":0,"38":0,"39":0,"40":0,"41":0,"42":0,"43":0,"44":0,"45":0,"46":0,"47":0},"b":{"1":[0,0],"2":[0,0],"3":[0,0],"4":[0,0],"5":[0,0],"6":[0,0],"7":[0,0],"8":[0,0],"9":[0,0],"10":[0,0],"11":[0,0],"12":[0,0],"13":[0,0],"14":[0,0],"15":[0,0],"16":[0,0],"17":[0,0],"18":[0,0],"19":[0,0],"20":[0,0],"21":[0,0]},"f":{"1":0,"2":0,"3":0,"4":0,"5":0,"6":0,"7":0,"8":0,"9":0,"10":0,"11":0,"12":0,"13":0,"14":0},"fnMap":{"1":{"name":"concat","line":12,"loc":{"start":{"line":12,"column":4},"end":{"line":88,"column":4}}},"2":{"name":"concatStorage","line":90,"loc":{"start":{"line":90,"column":4},"end":{"line":225,"column":4}}},"3":{"name":"slice","line":227,"loc":{"start":{"line":227,"column":4},"end":{"line":295,"column":4}}},"4":{"name":"toAddress","line":297,"loc":{"start":{"line":297,"column":4},"end":{"line":307,"column":4}}},"5":{"name":"toUint8","line":309,"loc":{"start":{"line":309,"column":4},"end":{"line":319,"column":4}}},"6":{"name":"toUint16","line":321,"loc":{"start":{"line":321,"column":4},"end":{"line":331,"column":4}}},"7":{"name":"toUint32","line":333,"loc":{"start":{"line":333,"column":4},"end":{"line":343,"column":4}}},"8":{"name":"toUint64","line":345,"loc":{"start":{"line":345,"column":4},"end":{"line":355,"column":4}}},"9":{"name":"toUint96","line":357,"loc":{"start":{"line":357,"column":4},"end":{"line":367,"column":4}}},"10":{"name":"toUint128","line":369,"loc":{"start":{"line":369,"column":4},"end":{"line":379,"column":4}}},"11":{"name":"toUint256","line":381,"loc":{"start":{"line":381,"column":4},"end":{"line":391,"column":4}}},"12":{"name":"toBytes32","line":393,"loc":{"start":{"line":393,"column":4},"end":{"line":403,"column":4}}},"13":{"name":"equal","line":405,"loc":{"start":{"line":405,"column":4},"end":{"line":446,"column":4}}},"14":{"name":"equalStorage","line":448,"loc":{"start":{"line":448,"column":4},"end":{"line":518,"column":4}}}},"statementMap":{"1":{"start":{"line":20,"column":8},"end":{"line":20,"column":30}},"2":{"start":{"line":87,"column":8},"end":{"line":87,"column":24}},"3":{"start":{"line":236,"column":8},"end":{"line":236,"column":57}},"4":{"start":{"line":237,"column":8},"end":{"line":237,"column":60}},"5":{"start":{"line":238,"column":8},"end":{"line":238,"column":70}},"6":{"start":{"line":240,"column":8},"end":{"line":240,"column":30}},"7":{"start":{"line":294,"column":8},"end":{"line":294,"column":24}},"8":{"start":{"line":298,"column":8},"end":{"line":298,"column":59}},"9":{"start":{"line":299,"column":8},"end":{"line":299,"column":69}},"10":{"start":{"line":300,"column":8},"end":{"line":300,"column":27}},"11":{"start":{"line":306,"column":8},"end":{"line":306,"column":26}},"12":{"start":{"line":310,"column":8},"end":{"line":310,"column":56}},"13":{"start":{"line":311,"column":8},"end":{"line":311,"column":67}},"14":{"start":{"line":312,"column":8},"end":{"line":312,"column":22}},"15":{"start":{"line":318,"column":8},"end":{"line":318,"column":23}},"16":{"start":{"line":322,"column":8},"end":{"line":322,"column":57}},"17":{"start":{"line":323,"column":8},"end":{"line":323,"column":67}},"18":{"start":{"line":324,"column":8},"end":{"line":324,"column":23}},"19":{"start":{"line":330,"column":8},"end":{"line":330,"column":23}},"20":{"start":{"line":334,"column":8},"end":{"line":334,"column":57}},"21":{"start":{"line":335,"column":8},"end":{"line":335,"column":67}},"22":{"start":{"line":336,"column":8},"end":{"line":336,"column":23}},"23":{"start":{"line":342,"column":8},"end":{"line":342,"column":23}},"24":{"start":{"line":346,"column":8},"end":{"line":346,"column":57}},"25":{"start":{"line":347,"column":8},"end":{"line":347,"column":67}},"26":{"start":{"line":348,"column":8},"end":{"line":348,"column":23}},"27":{"start":{"line":354,"column":8},"end":{"line":354,"column":23}},"28":{"start":{"line":358,"column":8},"end":{"line":358,"column":58}},"29":{"start":{"line":359,"column":8},"end":{"line":359,"column":68}},"30":{"start":{"line":360,"column":8},"end":{"line":360,"column":23}},"31":{"start":{"line":366,"column":8},"end":{"line":366,"column":23}},"32":{"start":{"line":370,"column":8},"end":{"line":370,"column":59}},"33":{"start":{"line":371,"column":8},"end":{"line":371,"column":69}},"34":{"start":{"line":372,"column":8},"end":{"line":372,"column":24}},"35":{"start":{"line":378,"column":8},"end":{"line":378,"column":23}},"36":{"start":{"line":382,"column":8},"end":{"line":382,"column":59}},"37":{"start":{"line":383,"column":8},"end":{"line":383,"column":69}},"38":{"start":{"line":384,"column":8},"end":{"line":384,"column":24}},"39":{"start":{"line":390,"column":8},"end":{"line":390,"column":23}},"40":{"start":{"line":394,"column":8},"end":{"line":394,"column":59}},"41":{"start":{"line":395,"column":8},"end":{"line":395,"column":69}},"42":{"start":{"line":396,"column":8},"end":{"line":396,"column":27}},"43":{"start":{"line":402,"column":8},"end":{"line":402,"column":26}},"44":{"start":{"line":406,"column":8},"end":{"line":406,"column":27}},"45":{"start":{"line":445,"column":8},"end":{"line":445,"column":22}},"46":{"start":{"line":456,"column":8},"end":{"line":456,"column":27}},"47":{"start":{"line":517,"column":8},"end":{"line":517,"column":22}}},"branchMap":{"1":{"line":236,"type":"if","locations":[{"start":{"line":236,"column":8},"end":{"line":236,"column":8}},{"start":{"line":236,"column":8},"end":{"line":236,"column":8}}]},"2":{"line":237,"type":"if","locations":[{"start":{"line":237,"column":8},"end":{"line":237,"column":8}},{"start":{"line":237,"column":8},"end":{"line":237,"column":8}}]},"3":{"line":238,"type":"if","locations":[{"start":{"line":238,"column":8},"end":{"line":238,"column":8}},{"start":{"line":238,"column":8},"end":{"line":238,"column":8}}]},"4":{"line":298,"type":"if","locations":[{"start":{"line":298,"column":8},"end":{"line":298,"column":8}},{"start":{"line":298,"column":8},"end":{"line":298,"column":8}}]},"5":{"line":299,"type":"if","locations":[{"start":{"line":299,"column":8},"end":{"line":299,"column":8}},{"start":{"line":299,"column":8},"end":{"line":299,"column":8}}]},"6":{"line":310,"type":"if","locations":[{"start":{"line":310,"column":8},"end":{"line":310,"column":8}},{"start":{"line":310,"column":8},"end":{"line":310,"column":8}}]},"7":{"line":311,"type":"if","locations":[{"start":{"line":311,"column":8},"end":{"line":311,"column":8}},{"start":{"line":311,"column":8},"end":{"line":311,"column":8}}]},"8":{"line":322,"type":"if","locations":[{"start":{"line":322,"column":8},"end":{"line":322,"column":8}},{"start":{"line":322,"column":8},"end":{"line":322,"column":8}}]},"9":{"line":323,"type":"if","locations":[{"start":{"line":323,"column":8},"end":{"line":323,"column":8}},{"start":{"line":323,"column":8},"end":{"line":323,"column":8}}]},"10":{"line":334,"type":"if","locations":[{"start":{"line":334,"column":8},"end":{"line":334,"column":8}},{"start":{"line":334,"column":8},"end":{"line":334,"column":8}}]},"11":{"line":335,"type":"if","locations":[{"start":{"line":335,"column":8},"end":{"line":335,"column":8}},{"start":{"line":335,"column":8},"end":{"line":335,"column":8}}]},"12":{"line":346,"type":"if","locations":[{"start":{"line":346,"column":8},"end":{"line":346,"column":8}},{"start":{"line":346,"column":8},"end":{"line":346,"column":8}}]},"13":{"line":347,"type":"if","locations":[{"start":{"line":347,"column":8},"end":{"line":347,"column":8}},{"start":{"line":347,"column":8},"end":{"line":347,"column":8}}]},"14":{"line":358,"type":"if","locations":[{"start":{"line":358,"column":8},"end":{"line":358,"column":8}},{"start":{"line":358,"column":8},"end":{"line":358,"column":8}}]},"15":{"line":359,"type":"if","locations":[{"start":{"line":359,"column":8},"end":{"line":359,"column":8}},{"start":{"line":359,"column":8},"end":{"line":359,"column":8}}]},"16":{"line":370,"type":"if","locations":[{"start":{"line":370,"column":8},"end":{"line":370,"column":8}},{"start":{"line":370,"column":8},"end":{"line":370,"column":8}}]},"17":{"line":371,"type":"if","locations":[{"start":{"line":371,"column":8},"end":{"line":371,"column":8}},{"start":{"line":371,"column":8},"end":{"line":371,"column":8}}]},"18":{"line":382,"type":"if","locations":[{"start":{"line":382,"column":8},"end":{"line":382,"column":8}},{"start":{"line":382,"column":8},"end":{"line":382,"column":8}}]},"19":{"line":383,"type":"if","locations":[{"start":{"line":383,"column":8},"end":{"line":383,"column":8}},{"start":{"line":383,"column":8},"end":{"line":383,"column":8}}]},"20":{"line":394,"type":"if","locations":[{"start":{"line":394,"column":8},"end":{"line":394,"column":8}},{"start":{"line":394,"column":8},"end":{"line":394,"column":8}}]},"21":{"line":395,"type":"if","locations":[{"start":{"line":395,"column":8},"end":{"line":395,"column":8}},{"start":{"line":395,"column":8},"end":{"line":395,"column":8}}]}}},"contracts\\lib\\TransactionLib.sol":{"l":{"32":0,"33":0,"34":0,"35":0,"36":0,"37":0,"42":0,"43":0,"47":0,"48":0,"51":0,"56":0,"57":0,"77":0,"84":0},"path":"E:\\Works\\SolidityWorks\\spn\\smartcontracts\\contracts\\lib\\TransactionLib.sol","s":{"1":0,"2":0,"3":0,"4":0,"5":0,"6":0,"7":0,"8":0,"9":0,"10":0,"11":0},"b":{},"f":{"1":0,"2":0,"3":0,"4":0,"5":0,"6":0},"fnMap":{"1":{"name":"transactionFromBytes","line":31,"loc":{"start":{"line":31,"column":4},"end":{"line":38,"column":4}}},"2":{"name":"nonFungibleFromBytes","line":40,"loc":{"start":{"line":40,"column":4},"end":{"line":44,"column":4}}},"3":{"name":"bytesToBool","line":46,"loc":{"start":{"line":46,"column":4},"end":{"line":52,"column":4}}},"4":{"name":"bytesToString","line":54,"loc":{"start":{"line":54,"column":4},"end":{"line":73,"column":4}}},"5":{"name":"bytesToAddress","line":75,"loc":{"start":{"line":75,"column":4},"end":{"line":80,"column":4}}},"6":{"name":"bytesToUint256","line":82,"loc":{"start":{"line":82,"column":4},"end":{"line":87,"column":4}}}},"statementMap":{"1":{"start":{"line":32,"column":8},"end":{"line":32,"column":44}},"2":{"start":{"line":33,"column":8},"end":{"line":33,"column":49}},"3":{"start":{"line":34,"column":8},"end":{"line":34,"column":43}},"4":{"start":{"line":35,"column":8},"end":{"line":35,"column":47}},"5":{"start":{"line":36,"column":8},"end":{"line":36,"column":44}},"6":{"start":{"line":37,"column":8},"end":{"line":37,"column":62}},"7":{"start":{"line":42,"column":8},"end":{"line":42,"column":39}},"8":{"start":{"line":43,"column":8},"end":{"line":43,"column":52}},"9":{"start":{"line":47,"column":8},"end":{"line":47,"column":15}},"10":{"start":{"line":51,"column":8},"end":{"line":51,"column":46}},"11":{"start":{"line":56,"column":8},"end":{"line":56,"column":22}}},"branchMap":{}},"contracts\\metatx-standard\\EIP712MetaTransaction.sol":{"l":{"28":0,"29":0,"32":0,"39":0,"40":0,"41":0,"46":0,"47":0,"49":0,"51":0,"52":0,"53":0,"57":0,"66":0,"70":0,"71":0,"72":0,"76":18,"77":0,"78":0,"79":0,"84":18,"86":18},"path":"E:\\Works\\SolidityWorks\\spn\\smartcontracts\\contracts\\metatx-standard\\EIP712MetaTransaction.sol","s":{"1":0,"2":0,"3":0,"4":0,"5":0,"6":0,"7":0,"8":0,"9":0,"10":0,"11":0,"12":0,"13":0,"14":0,"15":0,"16":0,"17":18,"18":0,"19":0,"20":18,"21":18},"b":{"1":[0,0],"2":[0,0],"3":[0,0],"4":[0,0],"5":[0,0],"6":[0,18]},"f":{"1":3,"2":0,"3":0,"4":0,"5":0,"6":0,"7":18},"fnMap":{"1":{"name":"constructor","line":25,"loc":{"start":{"line":25,"column":4},"end":{"line":25,"column":93}}},"2":{"name":"convertBytesToBytes4","line":27,"loc":{"start":{"line":27,"column":4},"end":{"line":35,"column":4}}},"3":{"name":"executeMetaTransaction","line":37,"loc":{"start":{"line":37,"column":4},"end":{"line":54,"column":4}}},"4":{"name":"hashMetaTransaction","line":56,"loc":{"start":{"line":56,"column":4},"end":{"line":63,"column":4}}},"5":{"name":"getNonce","line":65,"loc":{"start":{"line":65,"column":4},"end":{"line":67,"column":4}}},"6":{"name":"verify","line":69,"loc":{"start":{"line":69,"column":4},"end":{"line":73,"column":4}}},"7":{"name":"msgSender","line":75,"loc":{"start":{"line":75,"column":4},"end":{"line":87,"column":4}}}},"statementMap":{"1":{"start":{"line":28,"column":8},"end":{"line":28,"column":1116}},"2":{"start":{"line":29,"column":12},"end":{"line":29,"column":22}},"3":{"start":{"line":39,"column":8},"end":{"line":39,"column":79}},"4":{"start":{"line":40,"column":8},"end":{"line":40,"column":114}},"5":{"start":{"line":41,"column":8},"end":{"line":41,"column":1660}},"6":{"start":{"line":46,"column":8},"end":{"line":46,"column":98}},"7":{"start":{"line":47,"column":8},"end":{"line":47,"column":55}},"8":{"start":{"line":49,"column":8},"end":{"line":49,"column":118}},"9":{"start":{"line":51,"column":8},"end":{"line":51,"column":55}},"10":{"start":{"line":52,"column":8},"end":{"line":52,"column":89}},"11":{"start":{"line":53,"column":8},"end":{"line":53,"column":25}},"12":{"start":{"line":57,"column":8},"end":{"line":57,"column":2503}},"13":{"start":{"line":66,"column":8},"end":{"line":66,"column":27}},"14":{"start":{"line":70,"column":8},"end":{"line":70,"column":101}},"15":{"start":{"line":71,"column":8},"end":{"line":71,"column":57}},"16":{"start":{"line":72,"column":8},"end":{"line":72,"column":29}},"17":{"start":{"line":76,"column":8},"end":{"line":76,"column":3228}},"18":{"start":{"line":77,"column":12},"end":{"line":77,"column":41}},"19":{"start":{"line":78,"column":12},"end":{"line":78,"column":43}},"20":{"start":{"line":84,"column":12},"end":{"line":84,"column":30}},"21":{"start":{"line":86,"column":8},"end":{"line":86,"column":21}}},"branchMap":{"1":{"line":28,"type":"if","locations":[{"start":{"line":28,"column":8},"end":{"line":28,"column":8}},{"start":{"line":28,"column":8},"end":{"line":28,"column":8}}]},"2":{"line":40,"type":"if","locations":[{"start":{"line":40,"column":8},"end":{"line":40,"column":8}},{"start":{"line":40,"column":8},"end":{"line":40,"column":8}}]},"3":{"line":46,"type":"if","locations":[{"start":{"line":46,"column":8},"end":{"line":46,"column":8}},{"start":{"line":46,"column":8},"end":{"line":46,"column":8}}]},"4":{"line":51,"type":"if","locations":[{"start":{"line":51,"column":8},"end":{"line":51,"column":8}},{"start":{"line":51,"column":8},"end":{"line":51,"column":8}}]},"5":{"line":71,"type":"if","locations":[{"start":{"line":71,"column":8},"end":{"line":71,"column":8}},{"start":{"line":71,"column":8},"end":{"line":71,"column":8}}]},"6":{"line":76,"type":"if","locations":[{"start":{"line":76,"column":8},"end":{"line":76,"column":8}},{"start":{"line":76,"column":8},"end":{"line":76,"column":8}}]}}},"contracts\\metatx-standard\\lib\\EIP712Base.sol":{"l":{"18":3,"28":3,"34":0,"45":0},"path":"E:\\Works\\SolidityWorks\\spn\\smartcontracts\\contracts\\metatx-standard\\lib\\EIP712Base.sol","s":{"1":3,"2":0,"3":0},"b":{},"f":{"1":3,"2":3,"3":0,"4":0},"fnMap":{"1":{"name":"constructor","line":17,"loc":{"start":{"line":17,"column":4},"end":{"line":25,"column":4}}},"2":{"name":"getChainID","line":27,"loc":{"start":{"line":27,"column":4},"end":{"line":31,"column":4}}},"3":{"name":"getDomainSeparator","line":33,"loc":{"start":{"line":33,"column":4},"end":{"line":35,"column":4}}},"4":{"name":"toTypedMessageHash","line":44,"loc":{"start":{"line":44,"column":4},"end":{"line":46,"column":4}}}},"statementMap":{"1":{"start":{"line":18,"column":8},"end":{"line":18,"column":513}},"2":{"start":{"line":34,"column":8},"end":{"line":34,"column":30}},"3":{"start":{"line":45,"column":8},"end":{"line":45,"column":89}}},"branchMap":{}},"contracts\\mocks\\ERC20Mock.sol":{"l":{"20":3,"29":0},"path":"E:\\Works\\SolidityWorks\\spn\\smartcontracts\\contracts\\mocks\\ERC20Mock.sol","s":{"1":3,"2":0},"b":{},"f":{"1":3,"2":3,"3":0},"fnMap":{"1":{"name":"constructor","line":11,"loc":{"start":{"line":7,"column":4},"end":{"line":12,"column":6}}},"2":{"name":"mint","line":14,"loc":{"start":{"line":14,"column":4},"end":{"line":21,"column":4}}},"3":{"name":"burn","line":23,"loc":{"start":{"line":23,"column":4},"end":{"line":30,"column":4}}}},"statementMap":{"1":{"start":{"line":20,"column":8},"end":{"line":20,"column":31}},"2":{"start":{"line":29,"column":8},"end":{"line":29,"column":31}}},"branchMap":{}},"contracts\\openzeppelin\\token\\ERC1155\\ERC1155.sol":{"l":{"35":3,"42":0,"59":0,"70":1,"71":1,"88":0,"90":0,"92":0,"93":0,"96":0,"103":0,"105":0,"106":0,"113":0,"126":0,"130":0,"143":0,"147":0,"169":0,"171":0,"173":0,"175":0,"176":0,"177":0,"180":0,"182":0,"184":0,"204":0,"205":0,"207":0,"209":0,"211":0,"212":0,"213":0,"215":0,"216":0,"217":0,"220":0,"223":0,"225":0,"248":3,"268":6,"270":6,"272":6,"274":6,"275":6,"277":6,"295":0,"296":0,"298":0,"300":0,"302":0,"303":0,"306":0,"308":0,"324":0,"326":0,"328":0,"330":0,"331":0,"332":0,"336":0,"351":0,"352":0,"354":0,"356":0,"358":0,"359":0,"360":0,"362":0,"363":0,"364":0,"369":0,"409":6,"410":0,"411":0,"412":0,"415":0,"417":0,"430":0,"431":0,"434":0,"435":0,"438":0,"440":0,"446":12,"447":12,"449":12},"path":"E:\\Works\\SolidityWorks\\spn\\smartcontracts\\contracts\\openzeppelin\\token\\ERC1155\\ERC1155.sol","s":{"1":3,"2":0,"3":0,"4":1,"5":1,"6":0,"7":0,"8":0,"9":0,"10":0,"11":0,"12":0,"13":0,"14":0,"15":0,"16":0,"17":0,"18":0,"19":0,"20":0,"21":0,"22":0,"23":0,"24":0,"25":0,"26":0,"27":0,"28":0,"29":0,"30":0,"31":0,"32":0,"33":0,"34":0,"35":0,"36":0,"37":0,"38":0,"39":3,"40":6,"41":6,"42":6,"43":6,"44":6,"45":6,"46":0,"47":0,"48":0,"49":0,"50":0,"51":0,"52":0,"53":0,"54":0,"55":0,"56":0,"57":0,"58":0,"59":0,"60":0,"61":0,"62":0,"63":0,"64":0,"65":0,"66":0,"67":0,"68":0,"69":0,"70":6,"71":0,"72":0,"73":0,"74":0,"75":0,"76":0,"77":0,"78":0,"79":0,"80":0,"81":0,"82":12,"83":12,"84":12},"b":{"1":[1,0],"2":[0,0],"3":[0,0],"4":[0,0],"5":[0,0],"6":[0,0],"7":[0,0],"8":[0,0],"9":[0,0],"10":[0,0],"11":[6,0],"12":[0,0],"13":[0,0],"14":[0,0],"15":[0,0],"16":[0,0],"17":[0,0],"18":[0,0],"19":[0,6],"20":[0,0],"21":[0,0],"22":[0,0]},"f":{"1":3,"2":0,"3":0,"4":1,"5":0,"6":0,"7":0,"8":0,"9":0,"10":0,"11":0,"12":3,"13":6,"14":0,"15":0,"16":0,"17":6,"18":6,"19":0,"20":12},"fnMap":{"1":{"name":"constructor","line":34,"loc":{"start":{"line":34,"column":4},"end":{"line":36,"column":4}}},"2":{"name":"supportsInterface","line":41,"loc":{"start":{"line":41,"column":4},"end":{"line":46,"column":4}}},"3":{"name":"uri","line":58,"loc":{"start":{"line":58,"column":4},"end":{"line":60,"column":4}}},"4":{"name":"balanceOf","line":69,"loc":{"start":{"line":69,"column":4},"end":{"line":72,"column":4}}},"5":{"name":"balanceOfBatch","line":81,"loc":{"start":{"line":81,"column":4},"end":{"line":97,"column":4}}},"6":{"name":"setApprovalForAll","line":102,"loc":{"start":{"line":102,"column":4},"end":{"line":107,"column":4}}},"7":{"name":"isApprovedForAll","line":112,"loc":{"start":{"line":112,"column":4},"end":{"line":114,"column":4}}},"8":{"name":"safeTransferFrom","line":119,"loc":{"start":{"line":119,"column":4},"end":{"line":131,"column":4}}},"9":{"name":"safeBatchTransferFrom","line":136,"loc":{"start":{"line":136,"column":4},"end":{"line":148,"column":4}}},"10":{"name":"_safeTransferFrom","line":162,"loc":{"start":{"line":162,"column":4},"end":{"line":185,"column":4}}},"11":{"name":"_safeBatchTransferFrom","line":197,"loc":{"start":{"line":197,"column":4},"end":{"line":226,"column":4}}},"12":{"name":"_setURI","line":247,"loc":{"start":{"line":247,"column":4},"end":{"line":249,"column":4}}},"13":{"name":"_mint","line":262,"loc":{"start":{"line":262,"column":4},"end":{"line":278,"column":4}}},"14":{"name":"_mintBatch","line":289,"loc":{"start":{"line":289,"column":4},"end":{"line":309,"column":4}}},"15":{"name":"_burn","line":319,"loc":{"start":{"line":319,"column":4},"end":{"line":337,"column":4}}},"16":{"name":"_burnBatch","line":346,"loc":{"start":{"line":346,"column":4},"end":{"line":370,"column":4}}},"17":{"name":"_beforeTokenTransfer","line":392,"loc":{"start":{"line":392,"column":4},"end":{"line":399,"column":24}}},"18":{"name":"_doSafeTransferAcceptanceCheck","line":401,"loc":{"start":{"line":401,"column":4},"end":{"line":420,"column":4}}},"19":{"name":"_doSafeBatchTransferAcceptanceCheck","line":422,"loc":{"start":{"line":422,"column":4},"end":{"line":443,"column":4}}},"20":{"name":"_asSingletonArray","line":445,"loc":{"start":{"line":445,"column":4},"end":{"line":450,"column":4}}}},"statementMap":{"1":{"start":{"line":35,"column":8},"end":{"line":35,"column":20}},"2":{"start":{"line":42,"column":8},"end":{"line":42,"column":1418}},"3":{"start":{"line":59,"column":8},"end":{"line":59,"column":19}},"4":{"start":{"line":70,"column":8},"end":{"line":70,"column":84}},"5":{"start":{"line":71,"column":8},"end":{"line":71,"column":37}},"6":{"start":{"line":88,"column":8},"end":{"line":88,"column":90}},"7":{"start":{"line":90,"column":8},"end":{"line":90,"column":71}},"8":{"start":{"line":92,"column":8},"end":{"line":92,"column":2995}},"9":{"start":{"line":93,"column":12},"end":{"line":93,"column":60}},"10":{"start":{"line":96,"column":8},"end":{"line":96,"column":28}},"11":{"start":{"line":103,"column":8},"end":{"line":103,"column":84}},"12":{"start":{"line":105,"column":8},"end":{"line":105,"column":59}},"13":{"start":{"line":106,"column":8},"end":{"line":106,"column":60}},"14":{"start":{"line":113,"column":8},"end":{"line":113,"column":52}},"15":{"start":{"line":126,"column":8},"end":{"line":126,"column":4036}},"16":{"start":{"line":130,"column":8},"end":{"line":130,"column":52}},"17":{"start":{"line":143,"column":8},"end":{"line":143,"column":4537}},"18":{"start":{"line":147,"column":8},"end":{"line":147,"column":59}},"19":{"start":{"line":169,"column":8},"end":{"line":169,"column":73}},"20":{"start":{"line":171,"column":8},"end":{"line":171,"column":38}},"21":{"start":{"line":173,"column":8},"end":{"line":173,"column":103}},"22":{"start":{"line":175,"column":8},"end":{"line":175,"column":49}},"23":{"start":{"line":176,"column":8},"end":{"line":176,"column":83}},"24":{"start":{"line":180,"column":8},"end":{"line":180,"column":34}},"25":{"start":{"line":182,"column":8},"end":{"line":182,"column":59}},"26":{"start":{"line":184,"column":8},"end":{"line":184,"column":75}},"27":{"start":{"line":204,"column":8},"end":{"line":204,"column":88}},"28":{"start":{"line":205,"column":8},"end":{"line":205,"column":73}},"29":{"start":{"line":207,"column":8},"end":{"line":207,"column":38}},"30":{"start":{"line":209,"column":8},"end":{"line":209,"column":67}},"31":{"start":{"line":211,"column":8},"end":{"line":211,"column":6899}},"32":{"start":{"line":212,"column":12},"end":{"line":212,"column":31}},"33":{"start":{"line":213,"column":12},"end":{"line":213,"column":39}},"34":{"start":{"line":215,"column":12},"end":{"line":215,"column":53}},"35":{"start":{"line":216,"column":12},"end":{"line":216,"column":87}},"36":{"start":{"line":220,"column":12},"end":{"line":220,"column":38}},"37":{"start":{"line":223,"column":8},"end":{"line":223,"column":60}},"38":{"start":{"line":225,"column":8},"end":{"line":225,"column":82}},"39":{"start":{"line":248,"column":8},"end":{"line":248,"column":20}},"40":{"start":{"line":268,"column":8},"end":{"line":268,"column":74}},"41":{"start":{"line":270,"column":8},"end":{"line":270,"column":38}},"42":{"start":{"line":272,"column":8},"end":{"line":272,"column":114}},"43":{"start":{"line":274,"column":8},"end":{"line":274,"column":39}},"44":{"start":{"line":275,"column":8},"end":{"line":275,"column":70}},"45":{"start":{"line":277,"column":8},"end":{"line":277,"column":86}},"46":{"start":{"line":295,"column":8},"end":{"line":295,"column":69}},"47":{"start":{"line":296,"column":8},"end":{"line":296,"column":88}},"48":{"start":{"line":298,"column":8},"end":{"line":298,"column":38}},"49":{"start":{"line":300,"column":8},"end":{"line":300,"column":73}},"50":{"start":{"line":302,"column":8},"end":{"line":302,"column":10226}},"51":{"start":{"line":303,"column":12},"end":{"line":303,"column":46}},"52":{"start":{"line":306,"column":8},"end":{"line":306,"column":66}},"53":{"start":{"line":308,"column":8},"end":{"line":308,"column":88}},"54":{"start":{"line":324,"column":8},"end":{"line":324,"column":76}},"55":{"start":{"line":326,"column":8},"end":{"line":326,"column":38}},"56":{"start":{"line":328,"column":8},"end":{"line":328,"column":112}},"57":{"start":{"line":330,"column":8},"end":{"line":330,"column":55}},"58":{"start":{"line":331,"column":8},"end":{"line":331,"column":80}},"59":{"start":{"line":336,"column":8},"end":{"line":336,"column":70}},"60":{"start":{"line":351,"column":8},"end":{"line":351,"column":76}},"61":{"start":{"line":352,"column":8},"end":{"line":352,"column":88}},"62":{"start":{"line":354,"column":8},"end":{"line":354,"column":38}},"63":{"start":{"line":356,"column":8},"end":{"line":356,"column":76}},"64":{"start":{"line":358,"column":8},"end":{"line":358,"column":12083}},"65":{"start":{"line":359,"column":12},"end":{"line":359,"column":31}},"66":{"start":{"line":360,"column":12},"end":{"line":360,"column":39}},"67":{"start":{"line":362,"column":12},"end":{"line":362,"column":59}},"68":{"start":{"line":363,"column":12},"end":{"line":363,"column":84}},"69":{"start":{"line":369,"column":8},"end":{"line":369,"column":71}},"70":{"start":{"line":409,"column":8},"end":{"line":409,"column":13950}},"71":{"start":{"line":410,"column":12},"end":{"line":410,"column":13990}},"72":{"start":{"line":411,"column":16},"end":{"line":411,"column":14116}},"73":{"start":{"line":412,"column":20},"end":{"line":412,"column":69}},"74":{"start":{"line":415,"column":16},"end":{"line":415,"column":29}},"75":{"start":{"line":417,"column":16},"end":{"line":417,"column":77}},"76":{"start":{"line":430,"column":8},"end":{"line":430,"column":14731}},"77":{"start":{"line":431,"column":12},"end":{"line":431,"column":14771}},"78":{"start":{"line":434,"column":16},"end":{"line":434,"column":14936}},"79":{"start":{"line":435,"column":20},"end":{"line":435,"column":69}},"80":{"start":{"line":438,"column":16},"end":{"line":438,"column":29}},"81":{"start":{"line":440,"column":16},"end":{"line":440,"column":77}},"82":{"start":{"line":446,"column":8},"end":{"line":446,"column":49}},"83":{"start":{"line":447,"column":8},"end":{"line":447,"column":25}},"84":{"start":{"line":449,"column":8},"end":{"line":449,"column":20}}},"branchMap":{"1":{"line":70,"type":"if","locations":[{"start":{"line":70,"column":8},"end":{"line":70,"column":8}},{"start":{"line":70,"column":8},"end":{"line":70,"column":8}}]},"2":{"line":88,"type":"if","locations":[{"start":{"line":88,"column":8},"end":{"line":88,"column":8}},{"start":{"line":88,"column":8},"end":{"line":88,"column":8}}]},"3":{"line":103,"type":"if","locations":[{"start":{"line":103,"column":8},"end":{"line":103,"column":8}},{"start":{"line":103,"column":8},"end":{"line":103,"column":8}}]},"4":{"line":126,"type":"if","locations":[{"start":{"line":126,"column":8},"end":{"line":126,"column":8}},{"start":{"line":126,"column":8},"end":{"line":126,"column":8}}]},"5":{"line":143,"type":"if","locations":[{"start":{"line":143,"column":8},"end":{"line":143,"column":8}},{"start":{"line":143,"column":8},"end":{"line":143,"column":8}}]},"6":{"line":169,"type":"if","locations":[{"start":{"line":169,"column":8},"end":{"line":169,"column":8}},{"start":{"line":169,"column":8},"end":{"line":169,"column":8}}]},"7":{"line":176,"type":"if","locations":[{"start":{"line":176,"column":8},"end":{"line":176,"column":8}},{"start":{"line":176,"column":8},"end":{"line":176,"column":8}}]},"8":{"line":204,"type":"if","locations":[{"start":{"line":204,"column":8},"end":{"line":204,"column":8}},{"start":{"line":204,"column":8},"end":{"line":204,"column":8}}]},"9":{"line":205,"type":"if","locations":[{"start":{"line":205,"column":8},"end":{"line":205,"column":8}},{"start":{"line":205,"column":8},"end":{"line":205,"column":8}}]},"10":{"line":216,"type":"if","locations":[{"start":{"line":216,"column":12},"end":{"line":216,"column":12}},{"start":{"line":216,"column":12},"end":{"line":216,"column":12}}]},"11":{"line":268,"type":"if","locations":[{"start":{"line":268,"column":8},"end":{"line":268,"column":8}},{"start":{"line":268,"column":8},"end":{"line":268,"column":8}}]},"12":{"line":295,"type":"if","locations":[{"start":{"line":295,"column":8},"end":{"line":295,"column":8}},{"start":{"line":295,"column":8},"end":{"line":295,"column":8}}]},"13":{"line":296,"type":"if","locations":[{"start":{"line":296,"column":8},"end":{"line":296,"column":8}},{"start":{"line":296,"column":8},"end":{"line":296,"column":8}}]},"14":{"line":324,"type":"if","locations":[{"start":{"line":324,"column":8},"end":{"line":324,"column":8}},{"start":{"line":324,"column":8},"end":{"line":324,"column":8}}]},"15":{"line":331,"type":"if","locations":[{"start":{"line":331,"column":8},"end":{"line":331,"column":8}},{"start":{"line":331,"column":8},"end":{"line":331,"column":8}}]},"16":{"line":351,"type":"if","locations":[{"start":{"line":351,"column":8},"end":{"line":351,"column":8}},{"start":{"line":351,"column":8},"end":{"line":351,"column":8}}]},"17":{"line":352,"type":"if","locations":[{"start":{"line":352,"column":8},"end":{"line":352,"column":8}},{"start":{"line":352,"column":8},"end":{"line":352,"column":8}}]},"18":{"line":363,"type":"if","locations":[{"start":{"line":363,"column":12},"end":{"line":363,"column":12}},{"start":{"line":363,"column":12},"end":{"line":363,"column":12}}]},"19":{"line":409,"type":"if","locations":[{"start":{"line":409,"column":8},"end":{"line":409,"column":8}},{"start":{"line":409,"column":8},"end":{"line":409,"column":8}}]},"20":{"line":411,"type":"if","locations":[{"start":{"line":411,"column":16},"end":{"line":411,"column":16}},{"start":{"line":411,"column":16},"end":{"line":411,"column":16}}]},"21":{"line":430,"type":"if","locations":[{"start":{"line":430,"column":8},"end":{"line":430,"column":8}},{"start":{"line":430,"column":8},"end":{"line":430,"column":8}}]},"22":{"line":434,"type":"if","locations":[{"start":{"line":434,"column":16},"end":{"line":434,"column":16}},{"start":{"line":434,"column":16},"end":{"line":434,"column":16}}]}}},"contracts\\openzeppelin\\token\\ERC1155\\extensions\\IERC1155MetadataURI.sol":{"l":{},"path":"E:\\Works\\SolidityWorks\\spn\\smartcontracts\\contracts\\openzeppelin\\token\\ERC1155\\extensions\\IERC1155MetadataURI.sol","s":{},"b":{},"f":{},"fnMap":{},"statementMap":{},"branchMap":{}},"contracts\\openzeppelin\\token\\ERC1155\\IERC1155.sol":{"l":{},"path":"E:\\Works\\SolidityWorks\\spn\\smartcontracts\\contracts\\openzeppelin\\token\\ERC1155\\IERC1155.sol","s":{},"b":{},"f":{},"fnMap":{},"statementMap":{},"branchMap":{}},"contracts\\openzeppelin\\token\\ERC1155\\IERC1155Receiver.sol":{"l":{},"path":"E:\\Works\\SolidityWorks\\spn\\smartcontracts\\contracts\\openzeppelin\\token\\ERC1155\\IERC1155Receiver.sol","s":{},"b":{},"f":{},"fnMap":{},"statementMap":{},"branchMap":{}},"contracts\\openzeppelin\\utils\\Address.sol":{"l":{"31":6,"32":6,"35":6,"55":0,"57":0,"58":0,"80":0,"94":0,"113":0,"128":0,"129":0,"131":0,"132":0,"142":0,"156":0,"158":0,"159":0,"169":0,"183":0,"185":0,"186":0,"194":0,"195":0,"198":0,"201":0,"206":0},"path":"E:\\Works\\SolidityWorks\\spn\\smartcontracts\\contracts\\openzeppelin\\utils\\Address.sol","s":{"1":6,"2":6,"3":0,"4":0,"5":0,"6":0,"7":0,"8":0,"9":0,"10":0,"11":0,"12":0,"13":0,"14":0,"15":0,"16":0,"17":0,"18":0,"19":0,"20":0,"21":0,"22":0,"23":0,"24":0},"b":{"1":[0,0],"2":[0,0],"3":[0,0],"4":[0,0],"5":[0,0],"6":[0,0],"7":[0,0],"8":[0,0]},"f":{"1":6,"2":0,"3":0,"4":0,"5":0,"6":0,"7":0,"8":0,"9":0,"10":0,"11":0},"fnMap":{"1":{"name":"isContract","line":26,"loc":{"start":{"line":26,"column":4},"end":{"line":36,"column":4}}},"2":{"name":"sendValue","line":54,"loc":{"start":{"line":54,"column":4},"end":{"line":59,"column":4}}},"3":{"name":"functionCall","line":79,"loc":{"start":{"line":79,"column":4},"end":{"line":81,"column":4}}},"4":{"name":"functionCall","line":89,"loc":{"start":{"line":89,"column":4},"end":{"line":95,"column":4}}},"5":{"name":"functionCallWithValue","line":108,"loc":{"start":{"line":108,"column":4},"end":{"line":114,"column":4}}},"6":{"name":"functionCallWithValue","line":122,"loc":{"start":{"line":122,"column":4},"end":{"line":133,"column":4}}},"7":{"name":"functionStaticCall","line":141,"loc":{"start":{"line":141,"column":4},"end":{"line":143,"column":4}}},"8":{"name":"functionStaticCall","line":151,"loc":{"start":{"line":151,"column":4},"end":{"line":160,"column":4}}},"9":{"name":"functionDelegateCall","line":168,"loc":{"start":{"line":168,"column":4},"end":{"line":170,"column":4}}},"10":{"name":"functionDelegateCall","line":178,"loc":{"start":{"line":178,"column":4},"end":{"line":187,"column":4}}},"11":{"name":"_verifyCallResult","line":189,"loc":{"start":{"line":189,"column":4},"end":{"line":209,"column":4}}}},"statementMap":{"1":{"start":{"line":31,"column":8},"end":{"line":31,"column":20}},"2":{"start":{"line":35,"column":8},"end":{"line":35,"column":23}},"3":{"start":{"line":55,"column":8},"end":{"line":55,"column":80}},"4":{"start":{"line":57,"column":8},"end":{"line":57,"column":60}},"5":{"start":{"line":58,"column":8},"end":{"line":58,"column":85}},"6":{"start":{"line":80,"column":8},"end":{"line":80,"column":75}},"7":{"start":{"line":94,"column":8},"end":{"line":94,"column":67}},"8":{"start":{"line":113,"column":8},"end":{"line":113,"column":102}},"9":{"start":{"line":128,"column":8},"end":{"line":128,"column":88}},"10":{"start":{"line":129,"column":8},"end":{"line":129,"column":67}},"11":{"start":{"line":131,"column":8},"end":{"line":131,"column":81}},"12":{"start":{"line":132,"column":8},"end":{"line":132,"column":67}},"13":{"start":{"line":142,"column":8},"end":{"line":142,"column":88}},"14":{"start":{"line":156,"column":8},"end":{"line":156,"column":74}},"15":{"start":{"line":158,"column":8},"end":{"line":158,"column":73}},"16":{"start":{"line":159,"column":8},"end":{"line":159,"column":67}},"17":{"start":{"line":169,"column":8},"end":{"line":169,"column":92}},"18":{"start":{"line":183,"column":8},"end":{"line":183,"column":76}},"19":{"start":{"line":185,"column":8},"end":{"line":185,"column":75}},"20":{"start":{"line":186,"column":8},"end":{"line":186,"column":67}},"21":{"start":{"line":194,"column":8},"end":{"line":194,"column":7322}},"22":{"start":{"line":195,"column":12},"end":{"line":195,"column":29}},"23":{"start":{"line":198,"column":12},"end":{"line":198,"column":7471}},"24":{"start":{"line":206,"column":16},"end":{"line":206,"column":35}}},"branchMap":{"1":{"line":55,"type":"if","locations":[{"start":{"line":55,"column":8},"end":{"line":55,"column":8}},{"start":{"line":55,"column":8},"end":{"line":55,"column":8}}]},"2":{"line":58,"type":"if","locations":[{"start":{"line":58,"column":8},"end":{"line":58,"column":8}},{"start":{"line":58,"column":8},"end":{"line":58,"column":8}}]},"3":{"line":128,"type":"if","locations":[{"start":{"line":128,"column":8},"end":{"line":128,"column":8}},{"start":{"line":128,"column":8},"end":{"line":128,"column":8}}]},"4":{"line":129,"type":"if","locations":[{"start":{"line":129,"column":8},"end":{"line":129,"column":8}},{"start":{"line":129,"column":8},"end":{"line":129,"column":8}}]},"5":{"line":156,"type":"if","locations":[{"start":{"line":156,"column":8},"end":{"line":156,"column":8}},{"start":{"line":156,"column":8},"end":{"line":156,"column":8}}]},"6":{"line":183,"type":"if","locations":[{"start":{"line":183,"column":8},"end":{"line":183,"column":8}},{"start":{"line":183,"column":8},"end":{"line":183,"column":8}}]},"7":{"line":194,"type":"if","locations":[{"start":{"line":194,"column":8},"end":{"line":194,"column":8}},{"start":{"line":194,"column":8},"end":{"line":194,"column":8}}]},"8":{"line":198,"type":"if","locations":[{"start":{"line":198,"column":12},"end":{"line":198,"column":12}},{"start":{"line":198,"column":12},"end":{"line":198,"column":12}}]}}},"contracts\\openzeppelin\\utils\\introspection\\ERC165.sol":{"l":{"26":0},"path":"E:\\Works\\SolidityWorks\\spn\\smartcontracts\\contracts\\openzeppelin\\utils\\introspection\\ERC165.sol","s":{"1":0},"b":{},"f":{"1":0},"fnMap":{"1":{"name":"supportsInterface","line":25,"loc":{"start":{"line":25,"column":4},"end":{"line":27,"column":4}}}},"statementMap":{"1":{"start":{"line":26,"column":8},"end":{"line":26,"column":55}}},"branchMap":{}},"contracts\\openzeppelin\\utils\\introspection\\IERC165.sol":{"l":{},"path":"E:\\Works\\SolidityWorks\\spn\\smartcontracts\\contracts\\openzeppelin\\utils\\introspection\\IERC165.sol","s":{},"b":{},"f":{},"fnMap":{},"statementMap":{},"branchMap":{}},"contracts\\Passport.sol":{"l":{"36":3,"37":3,"38":3,"39":3,"40":3,"47":3,"48":3,"49":3,"50":3,"54":8,"55":6,"64":0,"65":0,"73":0,"81":1,"90":0,"91":0,"102":0,"112":1,"113":1,"115":1,"124":1,"125":1,"126":2,"127":2,"129":2,"130":2,"131":2,"133":2,"135":2,"147":0,"148":0,"150":0,"158":1,"165":1,"179":4,"180":1,"182":3,"190":2},"path":"E:\\Works\\SolidityWorks\\spn\\smartcontracts\\contracts\\Passport.sol","s":{"1":3,"2":3,"3":3,"4":3,"5":3,"6":3,"7":3,"8":3,"9":3,"10":8,"11":0,"12":0,"13":0,"14":1,"15":0,"16":0,"17":0,"18":1,"19":1,"20":1,"21":1,"22":1,"23":2,"24":2,"25":2,"26":2,"27":2,"28":0,"29":0,"30":0,"31":1,"32":1,"33":4,"34":1,"35":3,"36":2},"b":{"1":[3,0],"2":[6,2],"3":[0,0],"4":[0,0],"5":[1,0],"6":[2,0],"7":[0,0],"8":[1,3],"9":[2,1]},"f":{"1":3,"2":3,"3":8,"4":0,"5":0,"6":1,"7":0,"8":0,"9":1,"10":1,"11":0,"12":1,"13":1,"14":4,"15":2},"fnMap":{"1":{"name":"initialize","line":35,"loc":{"start":{"line":30,"column":2},"end":{"line":41,"column":2}}},"2":{"name":"__Passport_init_unchained","line":46,"loc":{"start":{"line":43,"column":2},"end":{"line":51,"column":2}}},"3":{"name":"onlyGovernance","line":53,"loc":{"start":{"line":53,"column":2},"end":{"line":56,"column":2}}},"4":{"name":"setRoleManager","line":63,"loc":{"start":{"line":63,"column":2},"end":{"line":66,"column":2}}},"5":{"name":"setBaseTokenURI","line":72,"loc":{"start":{"line":72,"column":2},"end":{"line":74,"column":2}}},"6":{"name":"setIsTransferable","line":80,"loc":{"start":{"line":80,"column":2},"end":{"line":82,"column":2}}},"7":{"name":"setMaxFirstMintPerAddress","line":89,"loc":{"start":{"line":89,"column":2},"end":{"line":92,"column":2}}},"8":{"name":"setTokenURI","line":101,"loc":{"start":{"line":98,"column":2},"end":{"line":103,"column":2}}},"9":{"name":"sign","line":111,"loc":{"start":{"line":111,"column":2},"end":{"line":116,"column":2}}},"10":{"name":"mint","line":123,"loc":{"start":{"line":123,"column":2},"end":{"line":138,"column":2}}},"11":{"name":"isApprovedForAll","line":143,"loc":{"start":{"line":143,"column":2},"end":{"line":152,"column":2}}},"12":{"name":"pause","line":157,"loc":{"start":{"line":157,"column":2},"end":{"line":159,"column":2}}},"13":{"name":"unpause","line":164,"loc":{"start":{"line":164,"column":2},"end":{"line":166,"column":2}}},"14":{"name":"_beforeTokenTransfer","line":178,"loc":{"start":{"line":174,"column":2},"end":{"line":183,"column":2}}},"15":{"name":"_baseURI","line":189,"loc":{"start":{"line":189,"column":2},"end":{"line":191,"column":2}}}},"statementMap":{"1":{"start":{"line":36,"column":4},"end":{"line":36,"column":32}},"2":{"start":{"line":37,"column":4},"end":{"line":37,"column":28}},"3":{"start":{"line":38,"column":4},"end":{"line":38,"column":19}},"4":{"start":{"line":39,"column":4},"end":{"line":39,"column":20}},"5":{"start":{"line":40,"column":4},"end":{"line":40,"column":57}},"6":{"start":{"line":47,"column":4},"end":{"line":47,"column":80}},"7":{"start":{"line":48,"column":4},"end":{"line":48,"column":43}},"8":{"start":{"line":49,"column":4},"end":{"line":49,"column":31}},"9":{"start":{"line":50,"column":4},"end":{"line":50,"column":29}},"10":{"start":{"line":54,"column":4},"end":{"line":54,"column":86}},"11":{"start":{"line":64,"column":4},"end":{"line":64,"column":80}},"12":{"start":{"line":65,"column":4},"end":{"line":65,"column":43}},"13":{"start":{"line":73,"column":4},"end":{"line":73,"column":31}},"14":{"start":{"line":81,"column":4},"end":{"line":81,"column":35}},"15":{"start":{"line":90,"column":4},"end":{"line":90,"column":75}},"16":{"start":{"line":91,"column":4},"end":{"line":91,"column":51}},"17":{"start":{"line":102,"column":4},"end":{"line":102,"column":42}},"18":{"start":{"line":112,"column":4},"end":{"line":112,"column":62}},"19":{"start":{"line":113,"column":4},"end":{"line":113,"column":28}},"20":{"start":{"line":115,"column":4},"end":{"line":115,"column":26}},"21":{"start":{"line":124,"column":4},"end":{"line":124,"column":42}},"22":{"start":{"line":125,"column":4},"end":{"line":125,"column":4140}},"23":{"start":{"line":126,"column":6},"end":{"line":126,"column":36}},"24":{"start":{"line":127,"column":6},"end":{"line":127,"column":36}},"25":{"start":{"line":129,"column":6},"end":{"line":129,"column":4341}},"26":{"start":{"line":130,"column":8},"end":{"line":130,"column":38}},"27":{"start":{"line":135,"column":8},"end":{"line":135,"column":36}},"28":{"start":{"line":147,"column":4},"end":{"line":147,"column":4882}},"29":{"start":{"line":148,"column":6},"end":{"line":148,"column":17}},"30":{"start":{"line":150,"column":6},"end":{"line":150,"column":66}},"31":{"start":{"line":158,"column":4},"end":{"line":158,"column":11}},"32":{"start":{"line":165,"column":4},"end":{"line":165,"column":13}},"33":{"start":{"line":179,"column":4},"end":{"line":179,"column":5592}},"34":{"start":{"line":180,"column":6},"end":{"line":180,"column":47}},"35":{"start":{"line":182,"column":4},"end":{"line":182,"column":77}},"36":{"start":{"line":190,"column":4},"end":{"line":190,"column":23}}},"branchMap":{"1":{"line":47,"type":"if","locations":[{"start":{"line":47,"column":4},"end":{"line":47,"column":4}},{"start":{"line":47,"column":4},"end":{"line":47,"column":4}}]},"2":{"line":54,"type":"if","locations":[{"start":{"line":54,"column":4},"end":{"line":54,"column":4}},{"start":{"line":54,"column":4},"end":{"line":54,"column":4}}]},"3":{"line":64,"type":"if","locations":[{"start":{"line":64,"column":4},"end":{"line":64,"column":4}},{"start":{"line":64,"column":4},"end":{"line":64,"column":4}}]},"4":{"line":90,"type":"if","locations":[{"start":{"line":90,"column":4},"end":{"line":90,"column":4}},{"start":{"line":90,"column":4},"end":{"line":90,"column":4}}]},"5":{"line":112,"type":"if","locations":[{"start":{"line":112,"column":4},"end":{"line":112,"column":4}},{"start":{"line":112,"column":4},"end":{"line":112,"column":4}}]},"6":{"line":129,"type":"if","locations":[{"start":{"line":129,"column":6},"end":{"line":129,"column":6}},{"start":{"line":129,"column":6},"end":{"line":129,"column":6}}]},"7":{"line":147,"type":"if","locations":[{"start":{"line":147,"column":4},"end":{"line":147,"column":4}},{"start":{"line":147,"column":4},"end":{"line":147,"column":4}}]},"8":{"line":179,"type":"if","locations":[{"start":{"line":179,"column":4},"end":{"line":179,"column":4}},{"start":{"line":179,"column":4},"end":{"line":179,"column":4}}]},"9":{"line":182,"type":"if","locations":[{"start":{"line":182,"column":4},"end":{"line":182,"column":4}},{"start":{"line":182,"column":4},"end":{"line":182,"column":4}}]}}},"contracts\\PassportMeta.sol":{"l":{"20":0,"21":0,"30":0,"31":0,"32":0,"41":0,"42":0,"50":0,"59":0,"60":0,"62":0,"71":0},"path":"E:\\Works\\SolidityWorks\\spn\\smartcontracts\\contracts\\PassportMeta.sol","s":{"1":0,"2":0,"3":0,"4":0,"5":0,"6":0,"7":0,"8":0,"9":0,"10":0,"11":0},"b":{"1":[0,0],"2":[0,0],"3":[0,0]},"f":{"1":0,"2":0,"3":0,"4":0,"5":0,"6":0},"fnMap":{"1":{"name":"onlyGovernance","line":19,"loc":{"start":{"line":19,"column":2},"end":{"line":22,"column":2}}},"2":{"name":"constructor","line":29,"loc":{"start":{"line":24,"column":2},"end":{"line":33,"column":2}}},"3":{"name":"setRoleManager","line":40,"loc":{"start":{"line":40,"column":2},"end":{"line":43,"column":2}}},"4":{"name":"setBaseTokenURI","line":49,"loc":{"start":{"line":49,"column":2},"end":{"line":51,"column":2}}},"5":{"name":"mint","line":58,"loc":{"start":{"line":58,"column":2},"end":{"line":64,"column":2}}},"6":{"name":"_baseURI","line":70,"loc":{"start":{"line":70,"column":2},"end":{"line":72,"column":2}}}},"statementMap":{"1":{"start":{"line":20,"column":4},"end":{"line":20,"column":88}},"2":{"start":{"line":30,"column":4},"end":{"line":30,"column":84}},"3":{"start":{"line":31,"column":4},"end":{"line":31,"column":43}},"4":{"start":{"line":32,"column":4},"end":{"line":32,"column":31}},"5":{"start":{"line":41,"column":4},"end":{"line":41,"column":84}},"6":{"start":{"line":42,"column":4},"end":{"line":42,"column":43}},"7":{"start":{"line":50,"column":4},"end":{"line":50,"column":31}},"8":{"start":{"line":59,"column":4},"end":{"line":59,"column":1848}},"9":{"start":{"line":60,"column":6},"end":{"line":60,"column":40}},"10":{"start":{"line":62,"column":6},"end":{"line":62,"column":40}},"11":{"start":{"line":71,"column":4},"end":{"line":71,"column":23}}},"branchMap":{"1":{"line":20,"type":"if","locations":[{"start":{"line":20,"column":4},"end":{"line":20,"column":4}},{"start":{"line":20,"column":4},"end":{"line":20,"column":4}}]},"2":{"line":30,"type":"if","locations":[{"start":{"line":30,"column":4},"end":{"line":30,"column":4}},{"start":{"line":30,"column":4},"end":{"line":30,"column":4}}]},"3":{"line":41,"type":"if","locations":[{"start":{"line":41,"column":4},"end":{"line":41,"column":4}},{"start":{"line":41,"column":4},"end":{"line":41,"column":4}}]}}},"contracts\\PassportSale.sol":{"l":{"48":3,"54":3,"55":3,"56":3,"57":3,"61":2,"62":2,"66":15,"67":0,"76":0,"77":0,"86":0,"87":0,"96":1,"97":1,"98":0,"113":0,"114":0,"116":0,"117":0,"118":0,"119":0,"134":0,"135":0,"137":0,"138":0,"139":0,"140":0,"141":0,"143":0,"151":0,"152":0,"154":0,"155":0,"158":0,"159":0,"162":0,"174":0,"175":0,"177":0,"192":0,"194":0,"195":0,"197":0,"198":0,"199":0,"200":0,"202":0,"203":0,"205":0,"207":0,"216":0,"218":0,"219":0,"220":0,"222":0,"223":0,"224":0,"225":0,"226":0,"228":0,"236":1,"237":1,"238":0,"240":0},"path":"E:\\Works\\SolidityWorks\\spn\\smartcontracts\\contracts\\PassportSale.sol","s":{"1":3,"2":3,"3":3,"4":3,"5":3,"6":2,"7":15,"8":0,"9":0,"10":0,"11":0,"12":1,"13":1,"14":0,"15":0,"16":0,"17":0,"18":0,"19":0,"20":0,"21":0,"22":0,"23":0,"24":0,"25":0,"26":0,"27":0,"28":0,"29":0,"30":0,"31":0,"32":0,"33":0,"34":0,"35":0,"36":0,"37":0,"38":0,"39":0,"40":0,"41":0,"42":0,"43":0,"44":0,"45":0,"46":0,"47":0,"48":0,"49":0,"50":0,"51":0,"52":0,"53":0,"54":0,"55":0,"56":0,"57":0,"58":0,"59":0,"60":1,"61":1,"62":0,"63":0},"b":{"1":[3,0],"2":[2,0],"3":[0,15],"4":[0,0],"5":[0,0],"6":[1,0],"7":[0,1],"8":[0,0],"9":[0,0],"10":[0,0],"11":[0,0],"12":[0,0],"13":[0,0],"14":[0,0],"15":[0,0],"16":[0,0],"17":[0,0],"18":[0,0],"19":[0,0],"20":[0,0],"21":[0,0],"22":[0,0],"23":[0,0],"24":[1,0]},"f":{"1":3,"2":2,"3":15,"4":0,"5":0,"6":1,"7":0,"8":0,"9":0,"10":0,"11":0,"12":0,"13":1},"fnMap":{"1":{"name":"constructor","line":42,"loc":{"start":{"line":42,"column":2},"end":{"line":58,"column":2}}},"2":{"name":"onlyGovernance","line":60,"loc":{"start":{"line":60,"column":2},"end":{"line":63,"column":2}}},"3":{"name":"saleIsOpen","line":65,"loc":{"start":{"line":65,"column":2},"end":{"line":68,"column":2}}},"4":{"name":"setRoleManager","line":75,"loc":{"start":{"line":75,"column":2},"end":{"line":78,"column":2}}},"5":{"name":"setRoyaltyFee","line":85,"loc":{"start":{"line":85,"column":2},"end":{"line":88,"column":2}}},"6":{"name":"setSaleStartDate","line":95,"loc":{"start":{"line":95,"column":2},"end":{"line":99,"column":2}}},"7":{"name":"setPrice","line":112,"loc":{"start":{"line":108,"column":2},"end":{"line":120,"column":2}}},"8":{"name":"openForSale","line":133,"loc":{"start":{"line":129,"column":2},"end":{"line":144,"column":2}}},"9":{"name":"_setPrice","line":146,"loc":{"start":{"line":146,"column":2},"end":{"line":163,"column":2}}},"10":{"name":"closeForSale","line":171,"loc":{"start":{"line":171,"column":2},"end":{"line":178,"column":2}}},"11":{"name":"purchase","line":191,"loc":{"start":{"line":188,"column":2},"end":{"line":208,"column":2}}},"12":{"name":"_purchase","line":210,"loc":{"start":{"line":210,"column":2},"end":{"line":229,"column":2}}},"13":{"name":"sweep","line":235,"loc":{"start":{"line":235,"column":2},"end":{"line":241,"column":2}}}},"statementMap":{"1":{"start":{"line":48,"column":4},"end":{"line":48,"column":1529}},"2":{"start":{"line":54,"column":4},"end":{"line":54,"column":29}},"3":{"start":{"line":55,"column":4},"end":{"line":55,"column":31}},"4":{"start":{"line":56,"column":4},"end":{"line":56,"column":15}},"5":{"start":{"line":57,"column":4},"end":{"line":57,"column":13}},"6":{"start":{"line":61,"column":4},"end":{"line":61,"column":88}},"7":{"start":{"line":66,"column":4},"end":{"line":66,"column":88}},"8":{"start":{"line":76,"column":4},"end":{"line":76,"column":84}},"9":{"start":{"line":77,"column":4},"end":{"line":77,"column":43}},"10":{"start":{"line":86,"column":4},"end":{"line":86,"column":94}},"11":{"start":{"line":87,"column":4},"end":{"line":87,"column":33}},"12":{"start":{"line":96,"column":4},"end":{"line":96,"column":73}},"13":{"start":{"line":97,"column":4},"end":{"line":97,"column":85}},"14":{"start":{"line":98,"column":4},"end":{"line":98,"column":33}},"15":{"start":{"line":113,"column":4},"end":{"line":113,"column":49}},"16":{"start":{"line":114,"column":4},"end":{"line":114,"column":52}},"17":{"start":{"line":116,"column":4},"end":{"line":116,"column":107}},"18":{"start":{"line":117,"column":4},"end":{"line":117,"column":60}},"19":{"start":{"line":118,"column":4},"end":{"line":118,"column":73}},"20":{"start":{"line":119,"column":4},"end":{"line":119,"column":44}},"21":{"start":{"line":134,"column":4},"end":{"line":134,"column":49}},"22":{"start":{"line":135,"column":4},"end":{"line":135,"column":52}},"23":{"start":{"line":137,"column":4},"end":{"line":137,"column":107}},"24":{"start":{"line":138,"column":4},"end":{"line":138,"column":44}},"25":{"start":{"line":139,"column":4},"end":{"line":139,"column":60}},"26":{"start":{"line":140,"column":4},"end":{"line":140,"column":28}},"27":{"start":{"line":141,"column":4},"end":{"line":141,"column":29}},"28":{"start":{"line":143,"column":4},"end":{"line":143,"column":33}},"29":{"start":{"line":151,"column":4},"end":{"line":151,"column":74}},"30":{"start":{"line":152,"column":4},"end":{"line":152,"column":60}},"31":{"start":{"line":154,"column":4},"end":{"line":154,"column":5058}},"32":{"start":{"line":155,"column":6},"end":{"line":155,"column":31}},"33":{"start":{"line":158,"column":4},"end":{"line":158,"column":5128}},"34":{"start":{"line":159,"column":6},"end":{"line":159,"column":31}},"35":{"start":{"line":162,"column":4},"end":{"line":162,"column":52}},"36":{"start":{"line":174,"column":4},"end":{"line":174,"column":107}},"37":{"start":{"line":175,"column":4},"end":{"line":175,"column":48}},"38":{"start":{"line":177,"column":4},"end":{"line":177,"column":34}},"39":{"start":{"line":192,"column":4},"end":{"line":192,"column":59}},"40":{"start":{"line":194,"column":4},"end":{"line":194,"column":49}},"41":{"start":{"line":195,"column":4},"end":{"line":195,"column":52}},"42":{"start":{"line":197,"column":4},"end":{"line":197,"column":54}},"43":{"start":{"line":198,"column":4},"end":{"line":198,"column":72}},"44":{"start":{"line":199,"column":4},"end":{"line":199,"column":69}},"45":{"start":{"line":200,"column":4},"end":{"line":200,"column":72}},"46":{"start":{"line":202,"column":4},"end":{"line":202,"column":44}},"47":{"start":{"line":203,"column":4},"end":{"line":203,"column":67}},"48":{"start":{"line":205,"column":4},"end":{"line":205,"column":66}},"49":{"start":{"line":207,"column":4},"end":{"line":207,"column":56}},"50":{"start":{"line":216,"column":4},"end":{"line":216,"column":60}},"51":{"start":{"line":218,"column":4},"end":{"line":218,"column":67}},"52":{"start":{"line":219,"column":4},"end":{"line":219,"column":61}},"53":{"start":{"line":220,"column":4},"end":{"line":220,"column":45}},"54":{"start":{"line":222,"column":4},"end":{"line":222,"column":54}},"55":{"start":{"line":223,"column":4},"end":{"line":223,"column":71}},"56":{"start":{"line":224,"column":4},"end":{"line":224,"column":66}},"57":{"start":{"line":225,"column":4},"end":{"line":225,"column":63}},"58":{"start":{"line":226,"column":4},"end":{"line":226,"column":30}},"59":{"start":{"line":228,"column":4},"end":{"line":228,"column":51}},"60":{"start":{"line":236,"column":4},"end":{"line":236,"column":71}},"61":{"start":{"line":237,"column":4},"end":{"line":237,"column":60}},"62":{"start":{"line":238,"column":4},"end":{"line":238,"column":43}},"63":{"start":{"line":240,"column":4},"end":{"line":240,"column":30}}},"branchMap":{"1":{"line":48,"type":"if","locations":[{"start":{"line":48,"column":4},"end":{"line":48,"column":4}},{"start":{"line":48,"column":4},"end":{"line":48,"column":4}}]},"2":{"line":61,"type":"if","locations":[{"start":{"line":61,"column":4},"end":{"line":61,"column":4}},{"start":{"line":61,"column":4},"end":{"line":61,"column":4}}]},"3":{"line":66,"type":"if","locations":[{"start":{"line":66,"column":4},"end":{"line":66,"column":4}},{"start":{"line":66,"column":4},"end":{"line":66,"column":4}}]},"4":{"line":76,"type":"if","locations":[{"start":{"line":76,"column":4},"end":{"line":76,"column":4}},{"start":{"line":76,"column":4},"end":{"line":76,"column":4}}]},"5":{"line":86,"type":"if","locations":[{"start":{"line":86,"column":4},"end":{"line":86,"column":4}},{"start":{"line":86,"column":4},"end":{"line":86,"column":4}}]},"6":{"line":96,"type":"if","locations":[{"start":{"line":96,"column":4},"end":{"line":96,"column":4}},{"start":{"line":96,"column":4},"end":{"line":96,"column":4}}]},"7":{"line":97,"type":"if","locations":[{"start":{"line":97,"column":4},"end":{"line":97,"column":4}},{"start":{"line":97,"column":4},"end":{"line":97,"column":4}}]},"8":{"line":114,"type":"if","locations":[{"start":{"line":114,"column":4},"end":{"line":114,"column":4}},{"start":{"line":114,"column":4},"end":{"line":114,"column":4}}]},"9":{"line":116,"type":"if","locations":[{"start":{"line":116,"column":4},"end":{"line":116,"column":4}},{"start":{"line":116,"column":4},"end":{"line":116,"column":4}}]},"10":{"line":118,"type":"if","locations":[{"start":{"line":118,"column":4},"end":{"line":118,"column":4}},{"start":{"line":118,"column":4},"end":{"line":118,"column":4}}]},"11":{"line":135,"type":"if","locations":[{"start":{"line":135,"column":4},"end":{"line":135,"column":4}},{"start":{"line":135,"column":4},"end":{"line":135,"column":4}}]},"12":{"line":137,"type":"if","locations":[{"start":{"line":137,"column":4},"end":{"line":137,"column":4}},{"start":{"line":137,"column":4},"end":{"line":137,"column":4}}]},"13":{"line":151,"type":"if","locations":[{"start":{"line":151,"column":4},"end":{"line":151,"column":4}},{"start":{"line":151,"column":4},"end":{"line":151,"column":4}}]},"14":{"line":154,"type":"if","locations":[{"start":{"line":154,"column":4},"end":{"line":154,"column":4}},{"start":{"line":154,"column":4},"end":{"line":154,"column":4}}]},"15":{"line":158,"type":"if","locations":[{"start":{"line":158,"column":4},"end":{"line":158,"column":4}},{"start":{"line":158,"column":4},"end":{"line":158,"column":4}}]},"16":{"line":174,"type":"if","locations":[{"start":{"line":174,"column":4},"end":{"line":174,"column":4}},{"start":{"line":174,"column":4},"end":{"line":174,"column":4}}]},"17":{"line":195,"type":"if","locations":[{"start":{"line":195,"column":4},"end":{"line":195,"column":4}},{"start":{"line":195,"column":4},"end":{"line":195,"column":4}}]},"18":{"line":198,"type":"if","locations":[{"start":{"line":198,"column":4},"end":{"line":198,"column":4}},{"start":{"line":198,"column":4},"end":{"line":198,"column":4}}]},"19":{"line":199,"type":"if","locations":[{"start":{"line":199,"column":4},"end":{"line":199,"column":4}},{"start":{"line":199,"column":4},"end":{"line":199,"column":4}}]},"20":{"line":200,"type":"if","locations":[{"start":{"line":200,"column":4},"end":{"line":200,"column":4}},{"start":{"line":200,"column":4},"end":{"line":200,"column":4}}]},"21":{"line":203,"type":"if","locations":[{"start":{"line":203,"column":4},"end":{"line":203,"column":4}},{"start":{"line":203,"column":4},"end":{"line":203,"column":4}}]},"22":{"line":205,"type":"if","locations":[{"start":{"line":205,"column":4},"end":{"line":205,"column":4}},{"start":{"line":205,"column":4},"end":{"line":205,"column":4}}]},"23":{"line":219,"type":"if","locations":[{"start":{"line":219,"column":4},"end":{"line":219,"column":4}},{"start":{"line":219,"column":4},"end":{"line":219,"column":4}}]},"24":{"line":236,"type":"if","locations":[{"start":{"line":236,"column":4},"end":{"line":236,"column":4}},{"start":{"line":236,"column":4},"end":{"line":236,"column":4}}]}}},"contracts\\RoleManager.sol":{"l":{"15":8,"16":4,"20":3,"21":3,"23":3,"32":1,"33":1,"41":1,"45":2,"46":2,"47":1,"49":2,"50":2,"52":2,"59":1,"66":1,"73":2},"path":"E:\\Works\\SolidityWorks\\spn\\smartcontracts\\contracts\\RoleManager.sol","s":{"1":8,"2":3,"3":3,"4":3,"5":1,"6":1,"7":1,"8":2,"9":2,"10":1,"11":2,"12":2,"13":2,"14":1,"15":1,"16":2},"b":{"1":[4,4],"2":[1,0],"3":[1,1]},"f":{"1":8,"2":3,"3":1,"4":1,"5":2,"6":1,"7":1,"8":2},"fnMap":{"1":{"name":"onlyGovernance","line":14,"loc":{"start":{"line":14,"column":2},"end":{"line":17,"column":2}}},"2":{"name":"constructor","line":19,"loc":{"start":{"line":19,"column":2},"end":{"line":24,"column":2}}},"3":{"name":"transferGovernance","line":31,"loc":{"start":{"line":31,"column":2},"end":{"line":34,"column":2}}},"4":{"name":"renounceGovernance","line":40,"loc":{"start":{"line":40,"column":2},"end":{"line":42,"column":2}}},"5":{"name":"_setGovernance","line":44,"loc":{"start":{"line":44,"column":2},"end":{"line":53,"column":2}}},"6":{"name":"addMarketplace","line":58,"loc":{"start":{"line":58,"column":2},"end":{"line":60,"column":2}}},"7":{"name":"removeMarketplace","line":65,"loc":{"start":{"line":65,"column":2},"end":{"line":67,"column":2}}},"8":{"name":"isMarketplace","line":72,"loc":{"start":{"line":72,"column":2},"end":{"line":74,"column":2}}}},"statementMap":{"1":{"start":{"line":15,"column":4},"end":{"line":15,"column":73}},"2":{"start":{"line":20,"column":4},"end":{"line":20,"column":26}},"3":{"start":{"line":21,"column":4},"end":{"line":21,"column":45}},"4":{"start":{"line":23,"column":4},"end":{"line":23,"column":49}},"5":{"start":{"line":32,"column":4},"end":{"line":32,"column":80}},"6":{"start":{"line":33,"column":4},"end":{"line":33,"column":26}},"7":{"start":{"line":41,"column":4},"end":{"line":41,"column":29}},"8":{"start":{"line":45,"column":4},"end":{"line":45,"column":28}},"9":{"start":{"line":46,"column":4},"end":{"line":46,"column":1373}},"10":{"start":{"line":47,"column":6},"end":{"line":47,"column":43}},"11":{"start":{"line":49,"column":4},"end":{"line":49,"column":38}},"12":{"start":{"line":50,"column":4},"end":{"line":50,"column":23}},"13":{"start":{"line":52,"column":4},"end":{"line":52,"column":39}},"14":{"start":{"line":59,"column":4},"end":{"line":59,"column":40}},"15":{"start":{"line":66,"column":4},"end":{"line":66,"column":41}},"16":{"start":{"line":73,"column":4},"end":{"line":73,"column":46}}},"branchMap":{"1":{"line":15,"type":"if","locations":[{"start":{"line":15,"column":4},"end":{"line":15,"column":4}},{"start":{"line":15,"column":4},"end":{"line":15,"column":4}}]},"2":{"line":32,"type":"if","locations":[{"start":{"line":32,"column":4},"end":{"line":32,"column":4}},{"start":{"line":32,"column":4},"end":{"line":32,"column":4}}]},"3":{"line":46,"type":"if","locations":[{"start":{"line":46,"column":4},"end":{"line":46,"column":4}},{"start":{"line":46,"column":4},"end":{"line":46,"column":4}}]}}}}